<?xml version="1.0" encoding="UTF-8"?>
<testsuite name="TestSuite" time="23.341" tests="38" errors="0" skipped="0" failures="0">
  <properties>
    <property name="java.vendor" value="Oracle Corporation"/>
    <property name="JOB_NAME" value="OrangeHRMTest"/>
    <property name="ANDROID_SDK_HOME" value="C:\Android"/>
    <property name="RUN_TESTS_DISPLAY_URL" value="http://localhost:8080/job/OrangeHRMTest/10/display/redirect?page=tests"/>
    <property name="sun.java.launcher" value="SUN_STANDARD"/>
    <property name="NUMBER_OF_PROCESSORS" value="4"/>
    <property name="sun.management.compiler" value="HotSpot 64-Bit Tiered Compilers"/>
    <property name="JENKINS_HOME" value="C:\Users\DELL-PC\.jenkins"/>
    <property name="HUDSON_SERVER_COOKIE" value="98b36adc6c03c699"/>
    <property name="POM_ARTIFACTID" value="orangeHRM"/>
    <property name="os.name" value="Windows 8.1"/>
    <property name="sun.boot.class.path" value="C:\Program Files\Java\jre1.8.0_241\lib\resources.jar;C:\Program Files\Java\jre1.8.0_241\lib\rt.jar;C:\Program Files\Java\jre1.8.0_241\lib\sunrsasign.jar;C:\Program Files\Java\jre1.8.0_241\lib\jsse.jar;C:\Program Files\Java\jre1.8.0_241\lib\jce.jar;C:\Program Files\Java\jre1.8.0_241\lib\charsets.jar;C:\Program Files\Java\jre1.8.0_241\lib\jfr.jar;C:\Program Files\Java\jre1.8.0_241\classes"/>
    <property name="EXECUTOR_NUMBER" value="0"/>
    <property name="sun.desktop" value="windows"/>
    <property name="PATHEXT" value=".COM;.EXE;.BAT;.CMD;.VBS;.VBE;.JS;.JSE;.WSF;.WSH;.MSC"/>
    <property name="java.vm.specification.vendor" value="Oracle Corporation"/>
    <property name="POM_DISPLAYNAME" value="orangeHRM"/>
    <property name="NODE_LABELS" value="master"/>
    <property name="TEMP" value="C:\Users\DELL-PC\AppData\Local\Temp"/>
    <property name="java.runtime.version" value="1.8.0_241-b07"/>
    <property name="user.name" value="DELL-PC"/>
    <property name="guice.disable.misplaced.annotation.check" value="true"/>
    <property name="CommonProgramW6432" value="C:\Program Files\Common Files"/>
    <property name="ProgramFiles" value="C:\Program Files"/>
    <property name="PROMPT" value="$P$G"/>
    <property name="user.language" value="en"/>
    <property name="JOB_BASE_NAME" value="OrangeHRMTest"/>
    <property name="RUN_CHANGES_DISPLAY_URL" value="http://localhost:8080/job/OrangeHRMTest/10/display/redirect?page=changes"/>
    <property name="BUILD_DISPLAY_NAME" value="#10"/>
    <property name="sun.boot.library.path" value="C:\Program Files\Java\jre1.8.0_241\bin"/>
    <property name="LOCALAPPDATA" value="C:\Users\DELL-PC\AppData\Local"/>
    <property name="java.version" value="1.8.0_241"/>
    <property name="PROCESSOR_LEVEL" value="6"/>
    <property name="user.timezone" value="Asia/Calcutta"/>
    <property name="USERNAME" value="DELL-PC"/>
    <property name="sun.arch.data.model" value="64"/>
    <property name="NODE_NAME" value="master"/>
    <property name="PERL5LIB" value="E:\oracle\product\10.2.0\db_3\perl\5.8.3\lib\MSWin32-x86;E:\oracle\product\10.2.0\db_3\perl\5.8.3\lib;E:\oracle\product\10.2.0\db_3\perl\5.8.3\lib\MSWin32-x86;E:\oracle\product\10.2.0\db_3\perl\site\5.8.3;E:\oracle\product\10.2.0\db_3\perl\site\5.8.3\lib;E:\oracle\product\10.2.0\db_3\sysman\admin\scripts;E:\oracle\product\10.2.0\db_1\perl\5.8.3\lib\MSWin32-x86;E:\oracle\product\10.2.0\db_1\perl\5.8.3\lib;E:\oracle\product\10.2.0\db_1\perl\5.8.3\lib\MSWin32-x86;E:\oracle\product\10.2.0\db_1\perl\site\5.8.3;E:\oracle\product\10.2.0\db_1\perl\site\5.8.3\lib;E:\oracle\product\10.2.0\db_1\sysman\admin\scripts;"/>
    <property name="java.endorsed.dirs" value="C:\Program Files\Java\jre1.8.0_241\lib\endorsed"/>
    <property name="BUILD_ID" value="10"/>
    <property name="sun.cpu.isalist" value="amd64"/>
    <property name="sun.jnu.encoding" value="Cp1252"/>
    <property name="file.encoding.pkg" value="sun.io"/>
    <property name="file.separator" value="\"/>
    <property name="java.specification.name" value="Java Platform API Specification"/>
    <property name="HOMEDRIVE" value="C:"/>
    <property name="maven.conf" value="C:\Users\DELL-PC\.jenkins\tools\hudson.tasks.Maven_MavenInstallation\TestMaven\conf"/>
    <property name="java.class.version" value="52.0"/>
    <property name="=::" value="::\"/>
    <property name="org.slf4j.simpleLogger.defaultLogLevel" value="info"/>
    <property name="user.country" value="US"/>
    <property name="ALLUSERSPROFILE" value="C:\ProgramData"/>
    <property name="java.home" value="C:\Program Files\Java\jre1.8.0_241"/>
    <property name="java.vm.info" value="mixed mode"/>
    <property name="os.version" value="6.3"/>
    <property name="=ExitCode" value="00000001"/>
    <property name="RUN_DISPLAY_URL" value="http://localhost:8080/job/OrangeHRMTest/10/display/redirect"/>
    <property name="POM_VERSION" value="0.0.1-SNAPSHOT"/>
    <property name="TMP" value="C:\Users\DELL-PC\AppData\Local\Temp"/>
    <property name="RUN_ARTIFACTS_DISPLAY_URL" value="http://localhost:8080/job/OrangeHRMTest/10/display/redirect?page=artifacts"/>
    <property name="path.separator" value=";"/>
    <property name="java.vm.version" value="25.241-b07"/>
    <property name="user.variant" value=""/>
    <property name="JOB_DISPLAY_URL" value="http://localhost:8080/job/OrangeHRMTest/display/redirect"/>
    <property name="CommonProgramFiles(x86)" value="C:\Program Files (x86)\Common Files"/>
    <property name="USERDOMAIN_ROAMINGPROFILE" value="DELL"/>
    <property name="java.awt.printerjob" value="sun.awt.windows.WPrinterJob"/>
    <property name="FP_NO_HOST_CHECK" value="NO"/>
    <property name="JAVA_HOME" value="C:\Program Files\Java\jre1.8.0_241"/>
    <property name="sun.io.unicode.encoding" value="UnicodeLittle"/>
    <property name="CommonProgramFiles" value="C:\Program Files\Common Files"/>
    <property name="ComSpec" value="C:\Windows\system32\cmd.exe"/>
    <property name="awt.toolkit" value="sun.awt.windows.WToolkit"/>
    <property name="HOMEPATH" value="\Users\DELL-PC"/>
    <property name="POM_PACKAGING" value="jar"/>
    <property name="asl.log" value="Destination=file"/>
    <property name="user.script" value=""/>
    <property name="COMPUTERNAME" value="DELL"/>
    <property name="POM_GROUPID" value="com"/>
    <property name="user.home" value="C:\Users\DELL-PC"/>
    <property name="PUBLIC" value="C:\Users\Public"/>
    <property name="BUILD_TAG" value="jenkins-OrangeHRMTest-10"/>
    <property name="JENKINS_SERVER_COOKIE" value="98b36adc6c03c699"/>
    <property name="HUDSON_URL" value="http://localhost:8080/"/>
    <property name="ProgramData" value="C:\ProgramData"/>
    <property name="java.specification.vendor" value="Oracle Corporation"/>
    <property name="USERPROFILE" value="C:\Users\DELL-PC"/>
    <property name="CLASSPATH" value=""/>
    <property name="java.vendor.url" value="http://java.oracle.com/"/>
    <property name="java.library.path" value="C:\Program Files (x86)\Common Files\Oracle\Java\javapath;C:\Windows\Sun\Java\bin;C:\Windows\system32;C:\Windows;C:\Users\DELL-PC\.jenkins\tools\hudson.tasks.Maven_MavenInstallation\TestMaven/bin;E:\oracle\product\10.2.0\db_3\bin;E:\oracle\product\10.2.0\db_1\bin;C:\Program Files (x86)\Common Files\Oracle\Java\javapath;C:\Windows\system32;C:\Windows;C:\Windows\System32\Wbem;C:\Windows\System32\WindowsPowerShell\v1.0\;C:\Android;C:\Windows\System32;C:\Program Files\Java\jre1.8.0_241\bin;C:\Program Files\Git\cmd;C:\Users\DELL-PC\AppData\Local\Android\Sdk\tools;C:\Users\DELL-PC\AppData\Local\Android\Sdk\platform-tools;C:\Program Files\nodejs\;C:\Program Files\nodejs\node_modules\npm\bin;C:\Program Files\MySQL\MySQL Shell 8.0\bin\;C:\Users\DELL-PC\AppData\Roaming\npm;."/>
    <property name="java.vm.vendor" value="Oracle Corporation"/>
    <property name="APPDATA" value="C:\Users\DELL-PC\AppData\Roaming"/>
    <property name="java.runtime.name" value="Java(TM) SE Runtime Environment"/>
    <property name="maven.home" value="C:\Users\DELL-PC\.jenkins\tools\hudson.tasks.Maven_MavenInstallation\TestMaven"/>
    <property name="java.class.path" value="C:\Users\DELL-PC\.jenkins\plugins\maven-plugin\WEB-INF\lib\maven35-agent-1.13.jar;C:\Users\DELL-PC\.jenkins\tools\hudson.tasks.Maven_MavenInstallation\TestMaven\boot\plexus-classworlds-2.6.0.jar;C:\Users\DELL-PC\.jenkins\tools\hudson.tasks.Maven_MavenInstallation\TestMaven/conf/logging"/>
    <property name="sun.java.command" value="jenkins.maven3.agent.Maven35Main C:\Users\DELL-PC\.jenkins\tools\hudson.tasks.Maven_MavenInstallation\TestMaven C:\Users\DELL-PC\.jenkins\war\WEB-INF\lib\remoting-4.5.jar C:\Users\DELL-PC\.jenkins\plugins\maven-plugin\WEB-INF\lib\maven35-interceptor-1.13.jar C:\Users\DELL-PC\.jenkins\plugins\maven-plugin\WEB-INF\lib\maven3-interceptor-commons-1.13.jar 49225"/>
    <property name="Path" value="E:\oracle\product\10.2.0\db_3\bin;E:\oracle\product\10.2.0\db_1\bin;C:\Program Files (x86)\Common Files\Oracle\Java\javapath;C:\Windows\system32;C:\Windows;C:\Windows\System32\Wbem;C:\Windows\System32\WindowsPowerShell\v1.0\;C:\Android;C:\Windows\System32;C:\Program Files\Java\jre1.8.0_241\bin;C:\Program Files\Git\cmd;C:\Users\DELL-PC\AppData\Local\Android\Sdk\tools;C:\Users\DELL-PC\AppData\Local\Android\Sdk\platform-tools;C:\Program Files\nodejs\;C:\Program Files\nodejs\node_modules\npm\bin;C:\Program Files\MySQL\MySQL Shell 8.0\bin\;C:\Users\DELL-PC\AppData\Roaming\npm"/>
    <property name="java.vm.specification.name" value="Java Virtual Machine Specification"/>
    <property name="PROCESSOR_ARCHITECTURE" value="AMD64"/>
    <property name="PROCESSOR_IDENTIFIER" value="Intel64 Family 6 Model 69 Stepping 1, GenuineIntel"/>
    <property name="SEE_MASK_NOZONECHECKS" value="1"/>
    <property name="SESSIONNAME" value="Console"/>
    <property name="java.vm.specification.version" value="1.8"/>
    <property name="sun.os.patch.level" value=""/>
    <property name="sun.cpu.endian" value="little"/>
    <property name="M2_HOME" value="C:\Users\DELL-PC\.jenkins\tools\hudson.tasks.Maven_MavenInstallation\TestMaven"/>
    <property name="java.io.tmpdir" value="C:\Users\DELL-PC\AppData\Local\Temp\"/>
    <property name="OS" value="Windows_NT"/>
    <property name="HUDSON_HOME" value="C:\Users\DELL-PC\.jenkins"/>
    <property name="PATH+MAVEN" value="C:\Users\DELL-PC\.jenkins\tools\hudson.tasks.Maven_MavenInstallation\TestMaven/bin"/>
    <property name="ProgramFiles(x86)" value="C:\Program Files (x86)"/>
    <property name="BUILD_URL" value="http://localhost:8080/job/OrangeHRMTest/10/"/>
    <property name="java.vendor.url.bug" value="http://bugreport.sun.com/bugreport/"/>
    <property name="java.awt.graphicsenv" value="sun.awt.Win32GraphicsEnvironment"/>
    <property name="os.arch" value="amd64"/>
    <property name="SystemRoot" value="C:\Windows"/>
    <property name="java.ext.dirs" value="C:\Program Files\Java\jre1.8.0_241\lib\ext;C:\Windows\Sun\Java\lib\ext"/>
    <property name="user.dir" value="C:\Users\DELL-PC\eclipse-workspace\orangeHRM"/>
    <property name="JOB_URL" value="http://localhost:8080/job/OrangeHRMTest/"/>
    <property name="LOGONSERVER" value="\\MicrosoftAccount"/>
    <property name="USERDOMAIN" value="DELL"/>
    <property name="line.separator" value="&#10;"/>
    <property name="MAVEN_HOME" value="C:\Users\DELL-PC\.jenkins\tools\hudson.tasks.Maven_MavenInstallation\TestMaven"/>
    <property name="java.vm.name" value="Java HotSpot(TM) 64-Bit Server VM"/>
    <property name="BUILD_NUMBER" value="10"/>
    <property name="ANDROID_HOME" value="C:\Users\DELL-PC\AppData\Local\Android\Sdk"/>
    <property name="JENKINS_URL" value="http://localhost:8080/"/>
    <property name="PROCESSOR_REVISION" value="4501"/>
    <property name="ProgramW6432" value="C:\Program Files"/>
    <property name="windir" value="C:\Windows"/>
    <property name="=C:" value="C:\Users\DELL-PC\Downloads"/>
    <property name="file.encoding" value="Cp1252"/>
    <property name="SystemDrive" value="C:"/>
    <property name="maven3.interceptor" value="C:\Users\DELL-PC\.jenkins\plugins\maven-plugin\WEB-INF\lib\maven35-interceptor-1.13.jar"/>
    <property name="WORKSPACE_TMP" value="C:\Users\DELL-PC\.jenkins\workspace\OrangeHRMTest@tmp"/>
    <property name="WORKSPACE" value="C:\Users\DELL-PC\.jenkins\workspace\OrangeHRMTest"/>
    <property name="maven3.interceptor.common" value="C:\Users\DELL-PC\.jenkins\plugins\maven-plugin\WEB-INF\lib\maven3-interceptor-commons-1.13.jar"/>
    <property name="java.specification.version" value="1.8"/>
    <property name="PSModulePath" value="C:\Windows\system32\WindowsPowerShell\v1.0\Modules\"/>
  </properties>
  <testcase name="VeriyHomepagetitleTest" classname="com.orangeHRM.qa.testdata.HomePageTest" time="0.021"/>
  <testcase name="OHRMPageTitleTest" classname="com.orangeHRM.qa.testdata.LoginPageTest" time="0.008"/>
  <testcase name="VerifyUserKeywordlabel" classname="com.orangeHRM.qa.testdata.AdminPageTest" time="0.092"/>
  <testcase name="VerifyEmpNameTest" classname="com.orangeHRM.qa.testdata.PIMPageTest" time="0.096"/>
  <testcase name="VerifyLogonameLabel" classname="com.orangeHRM.qa.testdata.HomePageTest" time="0.084"/>
  <testcase name="LoginpageImageTest" classname="com.orangeHRM.qa.testdata.LoginPageTest" time="0.085"/>
  <testcase name="SelectUserName" classname="com.orangeHRM.qa.testdata.AdminPageTest" time="0.219"/>
  <testcase name="ValidateIDnameTest" classname="com.orangeHRM.qa.testdata.PIMPageTest" time="0.234"/>
  <testcase name="ClickonPerformanceLink" classname="com.orangeHRM.qa.testdata.HomePageTest" time="0.111"/>
  <testcase name="loginpageTest" classname="com.orangeHRM.qa.testdata.LoginPageTest" time="4.093"/>
  <testcase name="handeldropdown" classname="com.orangeHRM.qa.testdata.AdminPageTest" time="0.237"/>
  <testcase name="ValidateEMPStausTest" classname="com.orangeHRM.qa.testdata.PIMPageTest" time="0.164"/>
  <testcase name="ClickonPIMLink" classname="com.orangeHRM.qa.testdata.HomePageTest" time="1.769"/>
  <testcase name="ClickOnSearchBtn" classname="com.orangeHRM.qa.testdata.AdminPageTest" time="0.771"/>
  <testcase name="IncludeBoxTest" classname="com.orangeHRM.qa.testdata.PIMPageTest" time="0.083"/>
  <testcase name="ClickOnRecruitmentPage" classname="com.orangeHRM.qa.testdata.HomePageTest" time="1.954"/>
  <testcase name="JobTitleTest" classname="com.orangeHRM.qa.testdata.PIMPageTest" time="0.14"/>
  <testcase name="SubUnitTest" classname="com.orangeHRM.qa.testdata.PIMPageTest" time="0.155"/>
  <testcase name="SearchBtnTest" classname="com.orangeHRM.qa.testdata.PIMPageTest" time="1.07"/>
  <testcase name="VeriyHomepagetitleTest" classname="com.orangeHRM.qa.testdata.HomePageTest" time="0.012"/>
  <testcase name="OHRMPageTitleTest" classname="com.orangeHRM.qa.testdata.LoginPageTest" time="0.007"/>
  <testcase name="VerifyUserKeywordlabel" classname="com.orangeHRM.qa.testdata.AdminPageTest" time="0.062"/>
  <testcase name="VerifyEmpNameTest" classname="com.orangeHRM.qa.testdata.PIMPageTest" time="0.064"/>
  <testcase name="VerifyLogonameLabel" classname="com.orangeHRM.qa.testdata.HomePageTest" time="0.075"/>
  <testcase name="LoginpageImageTest" classname="com.orangeHRM.qa.testdata.LoginPageTest" time="0.058"/>
  <testcase name="SelectUserName" classname="com.orangeHRM.qa.testdata.AdminPageTest" time="0.204"/>
  <testcase name="ValidateIDnameTest" classname="com.orangeHRM.qa.testdata.PIMPageTest" time="0.244"/>
  <testcase name="ClickonPerformanceLink" classname="com.orangeHRM.qa.testdata.HomePageTest" time="0.106"/>
  <testcase name="loginpageTest" classname="com.orangeHRM.qa.testdata.LoginPageTest" time="4.35"/>
  <testcase name="handeldropdown" classname="com.orangeHRM.qa.testdata.AdminPageTest" time="0.213"/>
  <testcase name="ValidateEMPStausTest" classname="com.orangeHRM.qa.testdata.PIMPageTest" time="0.144"/>
  <testcase name="ClickonPIMLink" classname="com.orangeHRM.qa.testdata.HomePageTest" time="2.084"/>
  <testcase name="ClickOnSearchBtn" classname="com.orangeHRM.qa.testdata.AdminPageTest" time="0.861"/>
  <testcase name="IncludeBoxTest" classname="com.orangeHRM.qa.testdata.PIMPageTest" time="0.082"/>
  <testcase name="ClickOnRecruitmentPage" classname="com.orangeHRM.qa.testdata.HomePageTest" time="1.966"/>
  <testcase name="JobTitleTest" classname="com.orangeHRM.qa.testdata.PIMPageTest" time="0.137"/>
  <testcase name="SubUnitTest" classname="com.orangeHRM.qa.testdata.PIMPageTest" time="0.172"/>
  <testcase name="SearchBtnTest" classname="com.orangeHRM.qa.testdata.PIMPageTest" time="1.114"/>
</testsuite>