<?xml version="1.0" encoding="UTF-8"?>
<!-- Generated by org.testng.reporters.JUnitReportReporter -->
<testsuite skipped="0" hostname="DELL" name="com.orangeHRM.qa.testdata.PIMPageTest" tests="1" failures="0" timestamp="15 Feb 2021 16:36:19 GMT" time="15.113" errors="0">
  <testcase name="VerifyEmpNameTest" time="15.113" classname="com.orangeHRM.qa.testdata.PIMPageTest"/>
</testsuite> <!-- com.orangeHRM.qa.testdata.PIMPageTest -->
