<?xml version="1.0" encoding="UTF-8"?>
<!-- Generated by org.testng.reporters.JUnitReportReporter -->
<testsuite skipped="0" hostname="DELL" name="com.orangeHRM.qa.testdata.AdminPageTest" tests="1" failures="0" timestamp="15 Feb 2021 16:36:19 GMT" time="16.824" errors="0">
  <testcase name="VerifyUserKeywordlabel" time="16.824" classname="com.orangeHRM.qa.testdata.AdminPageTest"/>
</testsuite> <!-- com.orangeHRM.qa.testdata.AdminPageTest -->
