<?xml version="1.0" encoding="UTF-8"?>
<!-- Generated by org.testng.reporters.JUnitReportReporter -->
<testsuite skipped="0" hostname="DELL" name="com.orangeHRM.qa.testdata.LoginPageTest" tests="1" failures="0" timestamp="15 Feb 2021 16:36:19 GMT" time="6.900" errors="0">
  <testcase name="OHRMPageTitleTest" time="6.900" classname="com.orangeHRM.qa.testdata.LoginPageTest"/>
</testsuite> <!-- com.orangeHRM.qa.testdata.LoginPageTest -->
