<?xml version="1.0" encoding="UTF-8"?>
<!-- Generated by org.testng.reporters.JUnitReportReporter -->
<testsuite skipped="0" hostname="DELL" name="com.orangeHRM.qa.testdata.AdminPageTest" tests="8" failures="0" timestamp="16 Feb 2021 19:23:43 GMT" time="103.049" errors="0">
  <testcase name="VerifyUserKeywordlabel" time="12.704" classname="com.orangeHRM.qa.testdata.AdminPageTest"/>
  <testcase name="VerifyUserKeywordlabel" time="12.950" classname="com.orangeHRM.qa.testdata.AdminPageTest"/>
  <testcase name="SelectUserName" time="12.347" classname="com.orangeHRM.qa.testdata.AdminPageTest"/>
  <testcase name="SelectUserName" time="12.331" classname="com.orangeHRM.qa.testdata.AdminPageTest"/>
  <testcase name="handeldropdown" time="13.410" classname="com.orangeHRM.qa.testdata.AdminPageTest"/>
  <testcase name="handeldropdown" time="12.479" classname="com.orangeHRM.qa.testdata.AdminPageTest"/>
  <testcase name="ClickOnSearchBtn" time="13.787" classname="com.orangeHRM.qa.testdata.AdminPageTest"/>
  <testcase name="ClickOnSearchBtn" time="13.041" classname="com.orangeHRM.qa.testdata.AdminPageTest"/>
</testsuite> <!-- com.orangeHRM.qa.testdata.AdminPageTest -->
