<?xml version="1.0" encoding="UTF-8"?>
<!-- Generated by org.testng.reporters.JUnitReportReporter -->
<testsuite skipped="0" hostname="DELL" name="com.orangeHRM.qa.testdata.PIMPageTest" tests="14" failures="0" timestamp="16 Feb 2021 19:23:43 GMT" time="185.938" errors="0">
  <testcase name="VerifyEmpNameTest" time="13.487" classname="com.orangeHRM.qa.testdata.PIMPageTest"/>
  <testcase name="VerifyEmpNameTest" time="12.578" classname="com.orangeHRM.qa.testdata.PIMPageTest"/>
  <testcase name="ValidateIDnameTest" time="13.167" classname="com.orangeHRM.qa.testdata.PIMPageTest"/>
  <testcase name="ValidateIDnameTest" time="12.735" classname="com.orangeHRM.qa.testdata.PIMPageTest"/>
  <testcase name="ValidateEMPStausTest" time="13.038" classname="com.orangeHRM.qa.testdata.PIMPageTest"/>
  <testcase name="ValidateEMPStausTest" time="13.892" classname="com.orangeHRM.qa.testdata.PIMPageTest"/>
  <testcase name="IncludeBoxTest" time="13.558" classname="com.orangeHRM.qa.testdata.PIMPageTest"/>
  <testcase name="IncludeBoxTest" time="13.447" classname="com.orangeHRM.qa.testdata.PIMPageTest"/>
  <testcase name="JobTitleTest" time="13.310" classname="com.orangeHRM.qa.testdata.PIMPageTest"/>
  <testcase name="JobTitleTest" time="13.024" classname="com.orangeHRM.qa.testdata.PIMPageTest"/>
  <testcase name="SubUnitTest" time="12.696" classname="com.orangeHRM.qa.testdata.PIMPageTest"/>
  <testcase name="SubUnitTest" time="13.529" classname="com.orangeHRM.qa.testdata.PIMPageTest"/>
  <testcase name="SearchBtnTest" time="13.739" classname="com.orangeHRM.qa.testdata.PIMPageTest"/>
  <testcase name="SearchBtnTest" time="13.738" classname="com.orangeHRM.qa.testdata.PIMPageTest"/>
</testsuite> <!-- com.orangeHRM.qa.testdata.PIMPageTest -->
