<?xml version="1.0" encoding="UTF-8"?>
<!-- Generated by org.testng.reporters.JUnitReportReporter -->
<testsuite skipped="0" hostname="DELL" name="com.orangeHRM.qa.testdata.LoginPageTest" tests="6" failures="0" timestamp="16 Feb 2021 19:23:43 GMT" time="49.161" errors="0">
  <testcase name="OHRMPageTitleTest" time="6.489" classname="com.orangeHRM.qa.testdata.LoginPageTest"/>
  <testcase name="OHRMPageTitleTest" time="6.842" classname="com.orangeHRM.qa.testdata.LoginPageTest"/>
  <testcase name="LoginpageImageTest" time="6.504" classname="com.orangeHRM.qa.testdata.LoginPageTest"/>
  <testcase name="LoginpageImageTest" time="7.224" classname="com.orangeHRM.qa.testdata.LoginPageTest"/>
  <testcase name="loginpageTest" time="11.165" classname="com.orangeHRM.qa.testdata.LoginPageTest"/>
  <testcase name="loginpageTest" time="10.937" classname="com.orangeHRM.qa.testdata.LoginPageTest"/>
</testsuite> <!-- com.orangeHRM.qa.testdata.LoginPageTest -->
