<?xml version="1.0" encoding="UTF-8"?>
<!-- Generated by org.testng.reporters.JUnitReportReporter -->
<testsuite skipped="0" hostname="DELL" name="com.orangeHRM.qa.testdata.HomePageTest" tests="10" failures="0" timestamp="16 Feb 2021 19:23:43 GMT" time="118.579" errors="0">
  <testcase name="VeriyHomepagetitleTest" time="10.589" classname="com.orangeHRM.qa.testdata.HomePageTest"/>
  <testcase name="VeriyHomepagetitleTest" time="10.899" classname="com.orangeHRM.qa.testdata.HomePageTest"/>
  <testcase name="VerifyLogonameLabel" time="11.117" classname="com.orangeHRM.qa.testdata.HomePageTest"/>
  <testcase name="VerifyLogonameLabel" time="10.931" classname="com.orangeHRM.qa.testdata.HomePageTest"/>
  <testcase name="ClickonPerformanceLink" time="10.773" classname="com.orangeHRM.qa.testdata.HomePageTest"/>
  <testcase name="ClickonPerformanceLink" time="11.365" classname="com.orangeHRM.qa.testdata.HomePageTest"/>
  <testcase name="ClickonPIMLink" time="13.999" classname="com.orangeHRM.qa.testdata.HomePageTest"/>
  <testcase name="ClickonPIMLink" time="12.846" classname="com.orangeHRM.qa.testdata.HomePageTest"/>
  <testcase name="ClickOnRecruitmentPage" time="12.686" classname="com.orangeHRM.qa.testdata.HomePageTest"/>
  <testcase name="ClickOnRecruitmentPage" time="13.374" classname="com.orangeHRM.qa.testdata.HomePageTest"/>
</testsuite> <!-- com.orangeHRM.qa.testdata.HomePageTest -->
